       2002.00000000          0.00000000
       2002.00268555          0.00000000
       2002.00549316          0.00000000
       2002.00817871          0.00000000
       2002.01098633          0.00000000
       2002.01367188          0.00000000
       2002.01647949          0.00000000
       2002.01916504          0.00000000
       2002.02197266          0.00000000
       2002.02465820          0.00000000
       2002.02734375          0.00000000
       2002.03015137          0.09136061
       2002.03283691          0.03850402
       2002.03564453          0.00000000
       2002.03833008          0.00000000
       2002.04113770          0.00000000
       2002.04382324          0.02556578
       2002.04663086          0.00000000
       2002.04931641          0.16373467
       2002.05200195          0.47550613
       2002.05480957          0.78601187
       2002.05749512          0.61882228
       2002.06030273          0.58036804
       2002.06298828          0.67338324
       2002.06579590          0.65260714
       2002.06848145          1.07348192
       2002.07128906          1.22864282
       2002.07397461          1.22267509
       2002.07666016          0.93670750
       2002.07946777          1.36777699
       2002.08215332          1.13068593
       2002.08496094          1.08087742
       2002.08764648          1.31057596
       2002.09045410          1.22275019
       2002.09313965          1.25626707
       2002.09594727          1.44961584
       2002.09863281          0.84873825
       2002.10131836          0.61038804
       2002.10412598          0.73098201
       2002.10681152          1.28786492
       2002.10961914          0.91911346
       2002.11230469          1.26736498
       2002.11511230          1.47830486
       2002.11779785          1.50302482
       2002.12060547          1.18000841
       2002.12329102          0.94226515
       2002.12597656          0.78059632
       2002.12878418          0.78633708
       2002.13146973          0.64739823
       2002.13427734          0.54758060
       2002.13696289          0.85779929
       2002.13977051          0.27279174
       2002.14245605          0.00000000
       2002.14526367          1.09901929
       2002.14794922          0.56962925
       2002.15063477          1.18436396
       2002.15344238          2.01021981
       2002.15612793          2.00687146
       2002.15893555          1.55173290
       2002.16162109          1.69735217
       2002.16442871          1.54882526
       2002.16711426          0.95561266
       2002.16992188          1.19996333
       2002.17260742          1.96735013
       2002.17529297          2.10817814
       2002.17810059          2.46899438
       2002.18078613          3.03029513
       2002.18359375          3.07941532
       2002.18627930          2.69834042
       2002.18908691          3.56524277
       2002.19177246          3.75170922
       2002.19458008          3.82119322
       2002.19726562          3.68046546
       2002.19995117          3.11964035
       2002.20275879          3.91520905
       2002.20544434          4.08638716
       2002.20825195          4.14909744
       2002.21093750          4.21020412
       2002.21374512          4.26963472
       2002.21643066          4.32729483
       2002.21923828          3.85708880
       2002.22192383          1.88354540
       2002.22460938          0.93654341
       2002.22741699          0.86310720
       2002.23010254          1.25019228
       2002.23291016          1.84609067
       2002.23559570          3.00684261
       2002.23840332          3.97248602
       2002.24108887          4.15290689
       2002.24389648          4.32817221
       2002.24658203          6.15521002
       2002.24926758          6.27382565
       2002.25207520          6.38801003
       2002.25476074          6.49759054
       2002.25756836          6.41218710
       2002.26025391          5.38583946
       2002.26306152          6.24867058
       2002.26574707          6.57031631
       2002.26843262          5.29886484
       2002.27124023          5.28498745
       2002.27392578          6.63562822
       2002.27673340          7.18827868
       2002.27941895          6.21590233
       2002.28222656          4.30913162
       2002.28491211          3.30255055
       2002.28771973          3.67762876
       2002.29040527          5.41063547
       2002.29309082          6.45562696
       2002.29589844          5.88231945
       2002.29858398          4.81561852
       2002.30139160          7.36666107
       2002.30407715          7.49589396
       2002.30688477          7.48756981
       2002.30957031          7.47160864
       2002.31237793          7.44790030
       2002.31506348          7.41631746
       2002.31774902          6.53546667
       2002.32055664          7.32907534
       2002.32324219          7.27320814
       2002.32604980          7.20902443
       2002.32873535          8.10379314
       2002.33154297          7.04140949
       2002.33422852          5.70956612
       2002.33703613          4.96782207
       2002.33972168          4.39985657
       2002.34240723          6.74168205
       2002.34521484          7.55473423
       2002.34790039          7.49767923
       2002.35070801          7.45102072
       2002.35339355          7.41493940
       2002.35620117          7.38961506
       2002.35888672          7.37522840
       2002.36169434          7.37194824
       2002.36437988          7.37994909
       2002.36706543          7.39936972
       2002.36987305          7.43037510
       2002.37255859          7.47310400
       2002.37536621          7.52770233
       2002.37805176          7.59426880
       2002.38085938          7.67295551
       2002.38354492          7.76384687
       2002.38635254          7.86707211
       2002.38903809          7.98271942
       2002.39172363          8.11088753
       2002.39453125          8.25163269
       2002.39721680          8.40505695
       2002.40002441          8.57120800
       2002.40270996          8.75014591
       2002.40551758          8.94191456
       2002.40820312          9.14655972
       2002.41101074          9.36412239
       2002.41369629          8.74038982
       2002.41638184          8.90235424
       2002.41918945          9.05613708
       2002.42187500          9.20163536
       2002.42468262          9.33874989
       2002.42736816          9.46740341
       2002.43017578          9.58751583
       2002.43286133          9.69899940
       2002.43566895          9.80179882
       2002.43835449          9.89584064
       2002.44104004          9.98106003
       2002.44384766         10.05741215
       2002.44653320         10.12483978
       2002.44934082         10.18331337
       2002.45202637         10.23277569
       2002.45483398         10.27321339
       2002.45751953         10.30459023
       2002.46032715         10.32689095
       2002.46301270         10.34008789
       2002.46569824         10.34418583
       2002.46850586         10.33918095
       2002.47119141         10.32506657
       2002.47399902         10.30185795
       2002.47668457         10.26956844
       2002.47949219         10.22821045
       2002.48217773         10.17782116
       2002.48498535         10.11841583
       2002.48767090         10.05005360
       2002.49035645          9.97275162
       2002.49316406          9.88656521
       2002.49584961          9.45584583
       2002.49865723          9.46188354
       2002.50134277          9.46448898
       2002.50415039          9.46367455
       2002.50683594          9.45944977
       2002.50964355          9.45184040
       2002.51232910          9.44084835
       2002.51501465          9.42649460
       2002.51782227          9.40880203
       2002.52050781          9.38777447
       2002.52331543          9.36345577
       2002.52600098          9.33586216
       2002.52880859          9.30500889
       2002.53149414          9.27093983
       2002.53430176          9.23366833
       2002.53698730          9.19324017
       2002.53967285          9.14966774
       2002.54248047          9.10300159
       2002.54516602          9.05327702
       2002.54797363          9.00051117
       2002.55065918          8.94475937
       2002.55346680          8.88605499
       2002.55615234          8.82443714
       2002.55895996          8.75995636
       2002.56164551          8.69264412
       2002.56433105          8.62254906
       2002.56713867          8.54971695
       2002.56982422          8.47419834
       2002.57263184          8.39603615
       2002.57531738          8.31528187
       2002.57812500          8.23198795
       2002.58081055          8.03258801
       2002.58361816          7.93165874
       2002.58630371          7.83466911
       2002.58898926          7.74158144
       2002.59179688          7.65236473
       2002.59448242          7.56697989
       2002.59729004          7.48540354
       2002.59997559          7.40756655
       2002.60278320          7.33344793
       2002.60546875          7.26299715
       2002.60827637          7.19617176
       2002.61096191          7.13290834
       2002.61364746          7.07316017
       2002.61645508          7.01688194
       2002.61914062          6.96401930
       2002.62194824          6.91451073
       2002.62463379          6.86829615
       2002.62744141          6.82531071
       2002.63012695          6.78550529
       2002.63293457          6.74881124
       2002.63562012          6.71516752
       2002.63830566          6.68449783
       2002.64111328          6.65673685
       2002.64379883          6.63182259
       2002.64660645          6.60968304
       2002.64929199          6.59024334
       2002.65209961          6.57343388
       2002.65478516          6.55918741
       2002.65759277          6.54741478
       2002.66027832          6.53805399
       2002.66296387          6.53101826
       2002.66577148          6.56083298
       2002.66845703          6.54420328
       2002.67126465          6.52406502
       2002.67395020          6.50048685
       2002.67675781          6.47353029
       2002.67944336          6.44327641
       2002.68225098          6.40980959
       2002.68493652          6.37319136
       2002.68762207          6.33350754
       2002.69042969          6.29082870
       2002.69311523          6.24523783
       2002.69592285          6.19682074
       2002.69860840          6.14565325
       2002.70141602          6.09181643
       2002.70410156          6.03538704
       2002.70690918          5.97645807
       2002.70959473          5.91511059
       2002.71228027          5.85142994
       2002.71508789          5.78549528
       2002.71777344          5.71739578
       2002.72058105          5.64721346
       2002.72326660          5.57504177
       2002.72607422          4.93924379
       2002.72875977          3.50436282
       2002.73156738          2.90979195
       2002.73425293          4.13345098
       2002.73693848          5.11269474
       2002.73974609          5.04451418
       2002.74243164          5.02123117
       2002.74523926          4.93620682
       2002.74792480          4.58060932
       2002.75073242          4.55128288
       2002.75341797          4.51792765
       2002.75610352          4.48070002
       2002.75891113          4.43974304
       2002.76159668          4.09147167
       2002.76440430          3.82675886
       2002.76708984          3.83736277
       2002.76989746          4.24155283
       2002.77258301          4.18414402
       2002.77539062          4.12387466
       2002.77807617          3.91657853
       2002.78076172          3.99533916
       2002.78356934          3.92735195
       2002.78625488          3.85706663
       2002.78906250          3.78462029
       2002.79174805          3.71014833
       2002.79455566          2.30539012
       2002.79724121          2.08904457
       2002.80004883          2.86638284
       2002.80273438          3.39462519
       2002.80541992          3.31196642
       2002.80822754          3.22597146
       2002.81091309          2.37766600
       2002.81372070          3.05686259
       2002.81640625          2.96983051
       2002.81921387          2.88198566
       2002.82189941          1.88657606
       2002.82470703          2.45588541
       2002.82739258          2.61458206
       2002.83007812          2.52448416
       2002.83288574          2.21534920
       2002.83557129          2.12908363
       2002.83837891          2.04768157
       2002.84106445          1.38681340
       2002.84387207          1.15455198
       2002.84655762          1.11624300
       2002.84936523          0.69881606
       2002.85205078          0.49956411
       2002.85473633          1.08953512
       2002.85754395          1.14846849
       2002.86022949          1.47840559
       2002.86303711          1.13469040
       2002.86572266          1.14765286
       2002.86853027          1.02705812
       2002.87121582          1.36206853
       2002.87402344          1.19311988
       2002.87670898          1.03457105
       2002.87939453          0.80447435
       2002.88220215          0.80528700
       2002.88488770          0.74728191
       2002.88769531          0.94700444
       2002.89038086          0.75143301
       2002.89318848          0.71148169
       2002.89587402          0.81394571
       2002.89868164          1.03367341
       2002.90136719          0.82682234
       2002.90405273          1.02137077
       2002.90686035          1.04207480
       2002.90954590          0.82099414
       2002.91235352          0.59558660
       2002.91503906          0.75358623
       2002.91784668          0.58684194
       2002.92053223          0.39788708
       2002.92333984          0.21107659
       2002.92602539          0.16284046
       2002.92871094          0.44886503
       2002.93151855          0.47662732
       2002.93420410          0.30432388
       2002.93701172          0.19091755
       2002.93969727          0.05770328
       2002.94250488          0.12402273
       2002.94519043          0.31460199
       2002.94799805          0.45844305
       2002.95068359          0.28060737
       2002.95336914          0.70403033
       2002.95617676          0.77220851
       2002.95886230          0.73018241
       2002.96166992          0.40684494
       2002.96435547          0.20006017
       2002.96716309          0.48633298
       2002.96984863          0.81554228
       2002.97265625          1.01211524
       2002.97534180          1.19484317
       2002.97802734          0.94134527
       2002.98083496          0.74584842
       2002.98352051          0.76406968
       2002.98632812          0.90447193
       2002.98901367          0.78068799
       2002.99182129          0.80486542
       2002.99450684          1.27529681
       2002.99731445          0.88235486
       2003.00000000          0.79592258
       2003.00268555          1.14887321
       2003.00549316          0.78467321
       2003.00817871          0.65709704
       2003.01098633          0.00000000
       2003.01367188          0.00000000
       2003.01647949          0.00000000
       2003.01916504          0.00000000
       2003.02197266          0.00000000
       2003.02465820          0.00000000
       2003.02734375          0.00000000
       2003.03015137          0.00000000
       2003.03283691          0.00000000
       2003.03564453          0.16447078
       2003.03833008          0.37611735
       2003.04113770          0.26268494
       2003.04382324          0.30568299
       2003.04663086          0.31670809
       2003.04931641          0.34301248
       2003.05200195          0.69572139
       2003.05480957          0.50174230
       2003.05749512          0.67037117
       2003.06030273          0.52399457
       2003.06298828          0.26675287
       2003.06579590          0.07526256
       2003.06848145          0.10694960
       2003.07128906          0.64325702
       2003.07397461          0.78633553
       2003.07666016          0.19664188
       2003.07946777          0.00000000
       2003.08215332          0.00000000
       2003.08496094          0.00000000
       2003.08764648          0.00000000
       2003.09045410          0.33090198
       2003.09313965          0.02221987
       2003.09594727          0.00000000
       2003.09863281          0.00000000
       2003.10131836          0.00000000
       2003.10412598          0.07721377
       2003.10681152          0.27703884
       2003.10961914          0.00000000
       2003.11230469          0.00000000
       2003.11511230          0.00000000
       2003.11779785          0.00000000
       2003.12060547          0.00000000
       2003.12329102          0.00000000
       2003.12597656          0.00000000
       2003.12878418          0.00000000
       2003.13146973          0.00000000
       2003.13427734          0.00000000
       2003.13696289          0.00000000
       2003.13977051          0.18971971
       2003.14245605          0.42126811
       2003.14526367          0.53982049
       2003.14794922          0.54656267
       2003.15063477          0.64889151
       2003.15344238          1.09109950
       2003.15612793          1.00645709
       2003.15893555          1.75502181
       2003.16162109          2.46743774
       2003.16442871          2.02529216
       2003.16711426          1.26725912
       2003.16992188          1.71033740
       2003.17260742          2.80785775
       2003.17529297          2.30492234
       2003.17810059          1.91354871
       2003.18078613          2.10228705
       2003.18359375          3.00452495
       2003.18627930          3.60020161
       2003.18908691          3.86333346
       2003.19177246          3.94010925
       2003.19458008          2.22588754
       2003.19726562          1.35098302
       2003.19995117          1.36408854
       2003.20275879          1.47751474
       2003.20544434          2.41348004
       2003.20825195          2.90186977
       2003.21093750          2.71060681
       2003.21374512          3.33310580
       2003.21643066          3.20510077
       2003.21923828          3.53817344
       2003.22192383          3.90613127
       2003.22460938          4.51491117
       2003.22741699          4.52837181
       2003.23010254          4.53569746
       2003.23291016          4.53669500
       2003.23559570          4.53119850
       2003.23840332          4.51902866
       2003.24108887          4.50001383
       2003.24389648          4.47398806
       2003.24658203          5.57465744
       2003.24926758          3.16388464
       2003.25207520          1.74575508
       2003.25476074          2.35729241
       2003.25756836          3.43828321
       2003.26025391          2.62729263
       2003.26306152          0.23086518
       2003.26574707          1.63076174
       2003.26843262          3.08407378
       2003.27124023          2.18841338
       2003.27392578          2.98483253
       2003.27673340          4.17662430
       2003.27941895          5.66532183
       2003.28222656          5.93362474
       2003.28491211          5.94643164
       2003.28771973          5.95692730
       2003.29040527          5.96508169
       2003.29309082          5.97084570
       2003.29589844          5.97419357
       2003.29858398          5.97509003
       2003.30139160          5.97350836
       2003.30407715          5.96941423
       2003.30688477          5.96277809
       2003.30957031          5.95357323
       2003.31237793          5.94177294
       2003.31506348          5.92735195
       2003.31774902          5.91028500
       2003.32055664          5.89054012
       2003.32324219          5.86810923
       2003.32604980          5.84296513
       2003.32873535          7.95169592
       2003.33154297          7.78954840
       2003.33422852          7.64017248
       2003.33703613          7.50387430
       2003.33972168          7.38095617
       2003.34240723          7.27170372
       2003.34521484          7.17641449
       2003.34790039          7.09533930
       2003.35070801          7.02876759
       2003.35339355          6.97694635
       2003.35620117          6.94011307
       2003.35888672          6.91854000
       2003.36169434          6.91243029
       2003.36437988          5.16816235
       2003.36706543          6.25125217
       2003.36987305          6.98911190
       2003.37255859          7.04702473
       2003.37536621          7.12142801
       2003.37805176          7.21248674
       2003.38085938          7.32037115
       2003.38354492          7.13483191
       2003.38635254          7.58721352
       2003.38903809          7.74643803
       2003.39172363          7.92304134
       2003.39453125          8.11711979
       2003.39721680          8.32877541
       2003.40002441          8.55809116
       2003.40270996          8.80514526
       2003.40551758          9.06999874
       2003.40820312          9.35271645
       2003.41101074          9.65331650
       2003.41369629          8.55874252
       2003.41638184          8.78237724
       2003.41918945          8.99476337
       2003.42187500          9.19574642
       2003.42468262          9.38521194
       2003.42736816          9.56302738
       2003.43017578          9.72908974
       2003.43286133          9.88327885
       2003.43566895         10.02550316
       2003.43835449         10.15567017
       2003.44104004         10.27369976
       2003.44384766         10.37950611
       2003.44653320         10.47302437
       2003.44934082         10.55419445
       2003.45202637         10.62297440
       2003.45483398         10.67929935
       2003.45751953         10.72313595
       2003.46032715         10.75446892
       2003.46301270         10.77325916
       2003.46569824         10.77950668
       2003.46850586         10.77319813
       2003.47119141         10.75434494
       2003.47399902         10.66013527
       2003.47668457         10.58311367
       2003.47949219         10.46420288
       2003.48217773         10.39473248
       2003.48498535         10.37075233
       2003.48767090         10.25900364
       2003.49035645         10.02042103
       2003.49316406          9.78188992
       2003.49584961          8.48069000
       2003.49865723          8.63377666
       2003.50134277          8.58014202
       2003.50415039          8.54859447
       2003.50683594          8.50616741
       2003.50964355          8.42500877
       2003.51232910          8.30434227
       2003.51501465          8.18216419
       2003.51782227          8.06284714
       2003.52050781          7.94143629
       2003.52331543          7.80172682
       2003.52600098          7.65754890
       2003.52880859          7.54887772
       2003.53149414          7.39224863
       2003.53430176          7.25343800
       2003.53698730          7.25581694
       2003.53967285          7.50417566
       2003.54248047          7.44328785
       2003.54516602          7.25513315
       2003.54797363          7.09797001
       2003.55065918          7.02781725
       2003.55346680          7.18327713
       2003.55615234          7.13276100
       2003.55895996          7.21212673
       2003.56164551          7.42378712
       2003.56433105          7.25655699
       2003.56713867          7.19484472
       2003.56982422          7.90264559
       2003.57263184          7.86629629
       2003.57531738          7.77023649
       2003.57812500          7.83392620
       2003.58081055          7.15591955
       2003.58361816          7.01385689
       2003.58630371          6.88369083
       2003.58898926          6.77025032
       2003.59179688          6.67717075
       2003.59448242          6.60111952
       2003.59729004          6.49710464
       2003.59997559          6.38519859
       2003.60278320          6.29001236
       2003.60546875          6.19111919
       2003.60827637          6.10829163
       2003.61096191          5.99607420
       2003.61364746          5.88846731
       2003.61645508          5.86880302
       2003.61914062          6.13961601
       2003.62194824          6.56107092
       2003.62463379          6.44432163
       2003.62744141          6.72345686
       2003.63012695          7.01288462
       2003.63293457          6.87733030
       2003.63562012          6.80159426
       2003.63830566          6.85954666
       2003.64111328          6.71924210
       2003.64379883          6.57765532
       2003.64660645          6.45925188
       2003.64929199          6.33067846
       2003.65209961          6.18601894
       2003.65478516          6.03535271
       2003.65759277          5.99980021
       2003.66027832          6.45742369
       2003.66296387          6.50421476
       2003.66577148          7.79015255
       2003.66845703          7.78143597
       2003.67126465          7.76377535
       2003.67395020          7.67962837
       2003.67675781          7.58849669
       2003.67944336          7.52039242
       2003.68225098          7.49840164
       2003.68493652          7.48246050
       2003.68762207          7.46797800
       2003.69042969          7.40892553
       2003.69311523          7.32762051
       2003.69592285          7.23930836
       2003.69860840          7.14420748
       2003.70141602          7.04253244
       2003.70410156          6.92909384
       2003.70690918          6.79611111
       2003.70959473          6.63714075
       2003.71228027          6.47179270
       2003.71508789          6.29553652
       2003.71777344          6.13338280
       2003.72058105          5.97412157
       2003.72326660          5.81833506
       2003.72607422          5.76966429
       2003.72875977          5.71363974
       2003.73156738          5.52002001
       2003.73425293          5.32396889
       2003.73693848          5.15447521
       2003.73974609          5.02852249
       2003.74243164          4.88137722
       2003.74523926          4.70507288
       2003.74792480          4.90898132
       2003.75073242          4.71155834
       2003.75341797          4.52517748
       2003.75610352          4.34957457
       2003.75891113          2.49496269
       2003.76159668          2.73569751
       2003.76440430          2.83813381
       2003.76708984          2.14938784
       2003.76989746          3.62366700
       2003.77258301          3.50700784
       2003.77539062          3.39922357
       2003.77807617          3.30004787
       2003.78076172          3.20920539
       2003.78356934          3.12644410
       2003.78625488          2.71135759
       2003.78906250          2.28850245
       2003.79174805          2.12625384
       2003.79455566          1.90572643
       2003.79724121          2.28049994
       2003.80004883          2.10072446
       2003.80273438          1.42219532
       2003.80541992          1.16425312
       2003.80822754          0.70060378
       2003.81091309          0.02711164
       2003.81372070          0.02159837
       2003.81640625          0.65801996
       2003.81921387          0.53779471
       2003.82189941          1.11683297
       2003.82470703          1.25651240
       2003.82739258          1.16956425
       2003.83007812          2.18137169
       2003.83288574          1.56134462
       2003.83557129          1.29698122
       2003.83837891          1.83561265
       2003.84106445          1.43554473
       2003.84387207          1.47150791
       2003.84655762          1.42120063
       2003.84936523          0.89987814
       2003.85205078          0.67181081
       2003.85473633          1.24265707
       2003.85754395          1.42792809
       2003.86022949          1.04041481
       2003.86303711          1.06262290
       2003.86572266          1.17304969
       2003.86853027          0.92069411
       2003.87121582          1.01610065
       2003.87402344          1.04654181
       2003.87670898          0.84808344
       2003.87939453          0.84485686
       2003.88220215          1.28716135
       2003.88488770          1.31842661
       2003.88769531          1.32711303
       2003.89038086          1.24039984
       2003.89318848          1.24725485
       2003.89587402          1.41039526
       2003.89868164          1.27819479
       2003.90136719          1.08063185
       2003.90405273          0.78633922
       2003.90686035          0.20614156
       2003.90954590          0.26499876
       2003.91235352          0.78680146
       2003.91503906          0.76999658
       2003.91784668          0.91462690
       2003.92053223          0.86304563
       2003.92333984          0.99237531
       2003.92602539          0.65532452
       2003.92871094          0.38411751
       2003.93151855          0.08335874
       2003.93420410          0.06752512
       2003.93701172          0.16484615
       2003.93969727          0.22288899
       2003.94250488          0.32821342
       2003.94519043          0.66791058
       2003.94799805          0.87235016
       2003.95068359          0.75656402
       2003.95336914          0.03547508
       2003.95617676          0.00000000
       2003.95886230          0.00000000
       2003.96166992          0.03069199
       2003.96435547          0.37710446
       2003.96716309          0.67101890
       2003.96984863          0.53815687
       2003.97265625          0.00000000
       2003.97534180          0.00000000
       2003.97802734          0.00000000
       2003.98083496          0.00000000
       2003.98352051          0.24336530
       2003.98632812          0.57646793
       2003.98901367          0.31346694
       2003.99182129          0.00000000
       2003.99450684          0.00000000
       2003.99731445          0.00000000
       2004.00000000          0.00890161
       2004.00268555          0.00000000
       2004.00549316          0.00000000
       2004.00817871          0.00000000
       2004.01098633          0.00000000
       2004.01367188          0.13803270
       2004.01647949          0.18246895
       2004.01916504          0.24705139
       2004.02197266          0.41933921
       2004.02465820          0.37928358
       2004.02734375          0.61276710
       2004.03015137          0.60223091
       2004.03283691          0.75679326
       2004.03564453          0.43721586
       2004.03833008          0.10986091
       2004.04113770          0.32036641
       2004.04382324          0.36655813
       2004.04663086          0.14903009
       2004.04931641          0.00000000
       2004.05200195          0.19777964
       2004.05480957          0.05431009
       2004.05749512          0.00000000
       2004.06030273          0.03226170
       2004.06298828          0.02676205
       2004.06579590          0.09448040
       2004.06848145          0.00000000
       2004.07128906          0.03972347
       2004.07397461          0.00000000
       2004.07666016          0.00000000
       2004.07946777          0.00000000
       2004.08215332          0.64164197
       2004.08496094          1.03549385
       2004.08764648          1.19928801
       2004.09045410          1.01946425
       2004.09313965          1.09635818
       2004.09594727          1.47290337
       2004.09863281          1.63027334
       2004.10131836          1.35430944
       2004.10412598          0.47099918
       2004.10681152          0.10014205
       2004.10961914          0.19753461
       2004.11230469          0.32494321
       2004.11511230          0.47246313
       2004.11779785          0.59132606
       2004.12060547          0.75410140
       2004.12329102          0.63010973
       2004.12597656          0.73098338
       2004.12878418          0.71853572
       2004.13146973          0.45429081
       2004.13427734          0.19993694
       2004.13696289          0.55305594
       2004.13977051          1.39557183
       2004.14245605          1.73659146
       2004.14526367          0.00127025
       2004.14794922          0.00000000
       2004.15063477          0.00000000
       2004.15344238          0.00000000
       2004.15612793          0.00000000
       2004.15893555          0.00000000
       2004.16162109          0.00000000
       2004.16442871          0.00000000
       2004.16711426          0.56126034
       2004.16992188          1.22419751
       2004.17260742          1.65571213
       2004.17529297          1.63340175
       2004.17810059          0.74367350
       2004.18078613          0.48700750
       2004.18359375          0.14794146
       2004.18627930          0.00000000
       2004.18908691          0.10527211
       2004.19177246          1.60827363
       2004.19458008          2.08056378
       2004.19726562          3.05949354
       2004.19995117          3.57510996
       2004.20275879          3.82072639
       2004.20544434          3.86263204
       2004.20825195          3.90504241
       2004.21093750          3.94796562
       2004.21374512          3.99140978
       2004.21643066          3.73786163
       2004.21923828          1.96098137
       2004.22192383          1.40276444
       2004.22460938          1.04111600
       2004.22741699          0.87449926
       2004.23010254          0.78949124
       2004.23291016          1.06968844
       2004.23559570          2.00713897
       2004.23840332          2.86957502
       2004.24108887          3.93803310
       2004.24389648          4.50532532
       2004.24658203          5.14960909
       2004.24926758          5.19288206
       2004.25207520          5.23637962
       2004.25476074          5.28012180
       2004.25756836          4.57912207
       2004.26025391          3.32534122
       2004.26306152          2.30171132
       2004.26574707          2.40590215
       2004.26843262          2.92097402
       2004.27124023          3.04668164
       2004.27392578          3.52331114
       2004.27673340          4.36857986
       2004.27941895          4.08440876
       2004.28222656          5.21164370
       2004.28491211          5.66789818
       2004.28771973          5.82468128
       2004.29040527          5.87182760
       2004.29309082          5.91925001
       2004.29589844          4.09493589
       2004.29858398          5.28558016
       2004.30139160          6.06329918
       2004.30407715          6.11191177
       2004.30688477          6.16082144
       2004.30957031          6.21003819
       2004.31237793          6.25955868
       2004.31506348          6.30939198
       2004.31774902          6.35952997
       2004.32055664          6.40998173
       2004.32324219          6.46074104
       2004.32604980          6.51181555
       2004.32873535          8.01134396
       2004.33154297          8.07535172
       2004.33422852          8.13764477
       2004.33703613          8.19816303
       2004.33972168          7.22787952
       2004.34240723          5.43971252
       2004.34521484          5.67200327
       2004.34790039          5.61171293
       2004.35070801          5.30449009
       2004.35339355          8.52245712
       2004.35620117          8.56972313
       2004.35888672          8.61497879
       2004.36169434          8.65817547
       2004.36437988          8.69928932
       2004.36706543          8.73831272
       2004.36987305          8.77519989
       2004.37255859          8.80993176
       2004.37536621          8.84248447
       2004.37805176          8.87283897
       2004.38085938          8.90095901
       2004.38354492          8.92683792
       2004.38635254          8.95044708
       2004.38903809          7.92802572
       2004.39172363          8.99078655
       2004.39453125          9.00748444
       2004.39721680          9.02183437
       2004.40002441          9.03383732
       2004.40270996          9.04346752
       2004.40551758          9.05071640
       2004.40820312          9.05557919
       2004.41101074          9.05802822
       2004.41369629          8.68178272
       2004.41638184          8.65369225
       2004.41918945          8.62894440
       2004.42187500          8.60756493
       2004.42468262          8.58960533
       2004.42736816          8.57507992
       2004.43017578          8.56400967
       2004.43286133          8.55643845
       2004.43566895          8.55238438
       2004.43835449          8.55185795
       2004.44104004          8.55488110
       2004.44384766          8.56148052
       2004.44653320          8.57164574
       2004.44934082          8.58539486
       2004.45202637          8.60275173
       2004.45483398          8.62370110
       2004.45751953          8.64824867
       2004.46032715          8.67639256
       2004.46301270          8.70812798
       2004.46569824          8.74344730
       2004.46850586          8.78234386
       2004.47119141          8.82480240
       2004.47399902          8.87082005
       2004.47668457          8.92035770
       2004.47949219          8.97341537
       2004.48217773          9.02996349
       2004.48498535          9.08997154
       2004.48767090          9.15341377
       2004.49035645          9.22025871
       2004.49316406          9.29047585
       2004.49584961          8.48312855
       2004.49865723          8.54647064
       2004.50134277          8.60431480
       2004.50415039          8.65667343
       2004.50683594          8.70353603
       2004.50964355          8.74492073
       2004.51232910          8.78083324
       2004.51501465          8.81129074
       2004.51782227          8.83629322
       2004.52050781          8.85587215
       2004.52331543          8.87004280
       2004.52600098          8.87883186
       2004.52880859          8.88227463
       2004.53149414          8.88039017
       2004.53430176          8.87321949
       2004.53698730          8.86080074
       2004.53967285          8.84316635
       2004.54248047          8.82036400
       2004.54516602          8.79244137
       2004.54797363          8.75943470
       2004.55065918          8.72140598
       2004.55346680          8.67839813
       2004.55615234          8.63048553
       2004.55895996          8.57769871
       2004.56164551          8.52012539
       2004.56433105          8.45780945
       2004.56713867          8.39082909
       2004.56982422          8.31923676
       2004.57263184          8.24312496
       2004.57531738          8.16254044
       2004.57812500          8.07757854
       2004.58081055          7.70194244
       2004.58361816          7.62343407
       2004.58630371          7.54806280
       2004.58898926          7.47581148
       2004.59179688          7.40662479
       2004.59448242          7.34049463
       2004.59729004          7.27737284
       2004.59997559          7.21722603
       2004.60278320          7.16002750
       2004.60546875          7.10571432
       2004.60827637          7.05426788
       2004.61096191          7.00564194
       2004.61364746          6.95977783
       2004.61645508          6.91664410
       2004.61914062          6.87617970
       2004.62194824          6.83834839
       2004.62463379          6.80310392
       2004.62744141          6.77037525
       2004.63012695          6.74012947
       2004.63293457          6.71229982
       2004.63562012          6.68683434
       2004.63830566          6.66367483
       2004.64111328          6.64277363
       2004.64379883          6.62406301
       2004.64660645          6.60748339
       2004.64929199          6.59297705
       2004.65209961          6.58048630
       2004.65478516          6.56993818
       2004.65759277          6.56128216
       2004.66027832          6.55444860
       2004.66296387          6.54938030
       2004.66577148          6.75372410
       2004.66845703          6.80089188
       2004.67126465          6.83710623
       2004.67395020          6.86260176
       2004.67675781          6.87759399
       2004.67944336          6.88231087
       2004.68225098          6.87699413
       2004.68493652          6.86186695
       2004.68762207          6.83717966
       2004.69042969          6.80316257
       2004.69311523          6.76007605
       2004.69592285          6.70814514
       2004.69860840          6.64764118
       2004.70141602          6.57880211
       2004.70410156          6.50188255
       2004.70690918          6.41713762
       2004.70959473          6.32482386
       2004.71228027          6.22519732
       2004.71508789          6.11851931
       2004.71777344          6.00505209
       2004.72058105          5.88504696
       2004.72326660          5.75877047
       2004.72607422          5.62648201
       2004.72875977          5.48843908
       2004.73156738          4.39889002
       2004.73425293          4.57181358
       2004.73693848          5.04239702
       2004.73974609          4.88393784
       2004.74243164          4.72102594
       2004.74523926          4.55389833
       2004.74792480          4.23543692
       2004.75073242          4.09552383
       2004.75341797          3.96253729
       2004.75610352          3.83632135
       2004.75891113          3.71670794
       2004.76159668          3.60353065
       2004.76440430          3.49663305
       2004.76708984          3.39584661
       2004.76989746          3.30100513
       2004.77258301          3.21195316
       2004.77539062          3.12852073
       2004.77807617          3.05054951
       2004.78076172          2.97787499
       2004.78356934          2.81333661
       2004.78625488          2.34870672
       2004.78906250          1.64531207
       2004.79174805          1.58057976
       2004.79455566          2.34427118
       2004.79724121          2.32042670
       2004.80004883          2.60432982
       2004.80273438          2.56843352
       2004.80541992          2.53645611
       2004.80822754          2.50826383
       2004.81091309          2.48371077
       2004.81372070          2.46266103
       2004.81640625          2.29642630
       2004.81921387          2.43055320
       2004.82189941          2.41923285
       2004.82470703          2.41090631
       2004.82739258          2.40545607
       2004.83007812          2.31568742
       2004.83288574          2.23199892
       2004.83557129          2.21104026
       2004.83837891          2.18920517
       2004.84106445          2.16655350
       2004.84387207          2.14314508
       2004.84655762          1.41715825
       2004.84936523          0.99378717
       2004.85205078          0.46591601
       2004.85473633          0.13286954
       2004.85754395          0.15037993
       2004.86022949          0.42907473
       2004.86303711          0.89263034
       2004.86572266          0.38246554
       2004.86853027          0.00000000
       2004.87121582          0.00000000
       2004.87402344          0.22567089
       2004.87670898          0.78861284
       2004.87939453          1.02300525
       2004.88220215          0.62166637
       2004.88488770          0.00000000
       2004.88769531          0.46971622
       2004.89038086          1.10810995
       2004.89318848          1.04823983
       2004.89587402          0.83040524
       2004.89868164          0.76706666
       2004.90136719          0.93586379
       2004.90405273          0.84416884
       2004.90686035          0.77789551
       2004.90954590          0.87514126
       2004.91235352          0.54527116
       2004.91503906          0.26644248
       2004.91784668          0.36705834
       2004.92053223          0.54957843
       2004.92333984          0.36027339
       2004.92602539          0.14669326
       2004.92871094          0.18677491
       2004.93151855          0.33374208
       2004.93420410          0.31505087
       2004.93701172          0.45584974
       2004.93969727          0.32795006
       2004.94250488          0.19500382
       2004.94519043          0.15414485
       2004.94799805          0.13239291
       2004.95068359          0.11618971
       2004.95336914          0.20156515
       2004.95617676          0.36199874
       2004.95886230          0.44646135
       2004.96166992          0.00000000
       2004.96435547          0.32367551
       2004.96716309          0.00000000
       2004.96984863          0.00000000
       2004.97265625          0.00000000
       2004.97534180          0.29371902
       2004.97802734          0.47045863
       2004.98083496          0.50803208
       2004.98352051          0.08582470
       2004.98632812          0.00000000
       2004.98901367          0.00000000
       2004.99182129          0.00000000
       2004.99450684          0.00000000
       2004.99731445          0.01300478
       2005.00000000          0.45771283
       2005.00268555          0.59140718
       2005.00549316          0.18389092
       2005.00817871          0.37666261
       2005.01098633          0.58115023
       2005.01367188          0.73614866
       2005.01647949          0.72772330
       2005.01916504          1.21213055
       2005.02197266          0.99003214
       2005.02465820          0.86007494
       2005.02734375          0.68491125
       2005.03015137          0.67569250
       2005.03283691          0.57870549
       2005.03564453          0.10278285
       2005.03833008          0.00000000
       2005.04113770          0.10508937
       2005.04382324          0.28671718
       2005.04663086          0.52743065
       2005.04931641          0.00000000
       2005.05200195          0.58535355
       2005.05480957          0.78587645
       2005.05749512          0.28946859
       2005.06030273          0.00000000
       2005.06298828          0.00000000
       2005.06579590          0.00000000
       2005.06848145          0.00000000
       2005.07128906          0.00000000
       2005.07397461          0.00000000
       2005.07666016          0.00000000
       2005.07946777          0.00000000
       2005.08215332          0.00000000
       2005.08496094          0.01114209
       2005.08764648          0.00000000
       2005.09045410          0.11967807
       2005.09313965          0.18668194
       2005.09594727          0.07890932
       2005.09863281          0.15537775
       2005.10131836          0.06413453
       2005.10412598          0.14748962
       2005.10681152          0.11504196
       2005.10961914          0.28082076
       2005.11230469          0.52211314
       2005.11511230          0.82696766
       2005.11779785          0.27794936
       2005.12060547          0.00000000
       2005.12329102          0.00000000
       2005.12597656          0.00000000
       2005.12878418          0.00000000
       2005.13146973          0.00000000
       2005.13427734          0.00000000
       2005.13696289          0.00000000
       2005.13977051          0.00000000
       2005.14245605          0.00000000
       2005.14526367          0.00000000
       2005.14794922          0.00000000
       2005.15063477          0.00000000
       2005.15344238          0.00000000
       2005.15612793          0.00000000
       2005.15893555          0.00000000
       2005.16162109          0.00000000
       2005.16442871          0.00000000
       2005.16711426          0.00000000
       2005.16992188          0.00000000
       2005.17260742          0.00000000
       2005.17529297          0.00000000
       2005.17810059          0.00000000
       2005.18078613          0.00000000
       2005.18359375          0.60921019
       2005.18627930          0.96608907
       2005.18908691          1.15167820
       2005.19177246          1.01641047
       2005.19458008          1.13578534
       2005.19726562          2.86500931
       2005.19995117          4.15406466
       2005.20275879          4.66396904
       2005.20544434          4.71784067
       2005.20825195          4.76636553
       2005.21093750          4.80934286
       2005.21374512          4.84658051
       2005.21643066          4.87786150
       2005.21923828          4.90300083
       2005.22192383          4.92178440
       2005.22460938          4.93402958
       2005.22741699          4.93952751
       2005.23010254          4.93809128
       2005.23291016          4.92951012
       2005.23559570          4.91361141
       2005.23840332          4.89019394
       2005.24108887          4.85064840
       2005.24389648          4.42243099
       2005.24658203          4.79671717
       2005.24926758          5.00600767
       2005.25207520          4.97536564
       2005.25476074          4.94845486
       2005.25756836          4.92543411
       2005.26025391          4.90645313
       2005.26306152          4.89165640
       2005.26574707          3.63936901
       2005.26843262          1.30645990
       2005.27124023          1.48855186
       2005.27392578          3.07002258
       2005.27673340          4.14891768
       2005.27941895          4.89389896
       2005.28222656          4.91745329
       2005.28491211          4.72320700
       2005.28771973          4.67270660
       2005.29040527          2.80554843
       2005.29309082          4.23890448
       2005.29589844          3.95732474
       2005.29858398          3.12954926
       2005.30139160          3.80213356
       2005.30407715          4.86936331
       2005.30688477          5.33919334
       2005.30957031          5.41663170
       2005.31237793          5.46056080
       2005.31506348          5.59124613
       2005.31774902          5.68862152
       2005.32055664          5.79284239
       2005.32324219          5.90400362
       2005.32604980          6.02220488
       2005.32873535          7.10488415
       2005.33154297          7.14673281
       2005.33422852          7.19060850
       2005.33703613          7.23654175
       2005.33972168          7.20428133
       2005.34240723          6.31903648
       2005.34521484          6.63054323
       2005.34790039          6.06524611
       2005.35070801          6.38611221
       2005.35339355          6.55577564
       2005.35620117          7.17907619
       2005.35888672          7.68154287
       2005.36169434          7.74725294
       2005.36437988          7.81526804
       2005.36706543          7.88561201
       2005.36987305          7.95829105
       2005.37255859          8.03334618
       2005.37536621          7.54160690
       2005.37805176          8.19055462
       2005.38085938          8.27273846
       2005.38354492          8.35732174
       2005.38635254          8.44430256
       2005.38903809          8.53369427
       2005.39172363          8.62548733
       2005.39453125          8.71968937
       2005.39721680          8.81629658
       2005.40002441          8.91529369
       2005.40270996          9.01669121
       2005.40551758          9.12047100
       2005.40820312          9.22662067
       2005.41101074          9.33514500
       2005.41369629          9.29343319
       2005.41638184          9.46012783
       2005.41918945          9.61700153
       2005.42187500          9.76393127
       2005.42468262          9.90081596
       2005.42736816         10.02757740
       2005.43017578         10.14410782
       2005.43286133         10.25032902
       2005.43566895         10.34618187
       2005.43835449         10.43157291
       2005.44104004         10.50645924
       2005.44384766         10.57077122
       2005.44653320         10.62447453
       2005.44934082         10.66750431
       2005.45202637         10.69984055
       2005.45483398         10.72144794
       2005.45751953         10.73230267
       2005.46032715         10.73240089
       2005.46301270         10.72171593
       2005.46569824         10.70024967
       2005.46850586         10.66801643
       2005.47119141         10.62502003
       2005.47399902         10.55419731
       2005.47668457         10.45966530
       2005.47949219         10.42058086
       2005.48217773         10.34588909
       2005.48498535         10.22441196
       2005.48767090         10.05695057
       2005.49035645          9.92780304
       2005.49316406          9.89724731
       2005.49584961          9.38416100
       2005.49865723          9.32922840
       2005.50134277          9.27496719
       2005.50415039          9.22139835
       2005.50683594          9.16854668
       2005.50964355          9.11640644
       2005.51232910          9.06499672
       2005.51501465          9.01431751
       2005.51782227          8.96439171
       2005.52050781          8.91521168
       2005.52331543          8.86679554
       2005.52600098          8.81913185
       2005.52880859          8.77223969
       2005.53149414          8.72612667
       2005.53430176          8.68078899
       2005.53698730          8.63622189
       2005.53967285          8.59244823
       2005.54248047          8.54943943
       2005.54516602          8.50722122
       2005.54797363          8.46577263
       2005.55065918          8.42510414
       2005.55346680          8.38521194
       2005.55615234          8.34609509
       2005.55895996          8.28440571
       2005.56164551          8.21625423
       2005.56433105          8.20354080
       2005.56713867          8.08652687
       2005.56982422          7.99362659
       2005.57263184          7.95396328
       2005.57531738          8.09333897
       2005.57812500          8.06016445
       2005.58081055          7.98485041
       2005.58361816          7.90861988
       2005.58630371          7.83507061
       2005.58898926          7.76418018
       2005.59179688          7.69591141
       2005.59448242          7.63025141
       2005.59729004          7.56715870
       2005.59997559          7.50660610
       2005.60278320          7.44857216
       2005.60546875          7.39301825
       2005.60827637          7.33990669
       2005.61096191          7.28919792
       2005.61364746          7.24086618
       2005.61645508          7.19487190
       2005.61914062          7.15116787
       2005.62194824          7.10970831
       2005.62463379          7.07046509
       2005.62744141          7.03339052
       2005.63012695          6.99843597
       2005.63293457          6.96554995
       2005.63562012          6.93469858
       2005.63830566          6.90583134
       2005.64111328          6.87889385
       2005.64379883          6.85383272
       2005.64660645          6.83060884
       2005.64929199          6.80917215
       2005.65209961          6.78945827
       2005.65478516          6.77141857
       2005.65759277          6.75500488
       2005.66027832          6.74016428
       2005.66296387          6.72683477
       2005.66577148          6.94785786
       2005.66845703          6.94079638
       2005.67126465          6.92903185
       2005.67395020          6.91265583
       2005.67675781          6.89176893
       2005.67944336          6.86646938
       2005.68225098          6.83684635
       2005.68493652          6.80301571
       2005.68762207          6.76507092
       2005.69042969          6.72311020
       2005.69311523          6.67724848
       2005.69592285          6.62758732
       2005.69860840          6.57422638
       2005.70141602          6.51728868
       2005.70410156          6.45687008
       2005.70690918          6.39308929
       2005.70959473          6.32604027
       2005.71228027          6.25585604
       2005.71508789          6.18263483
       2005.71777344          6.10649443
       2005.72058105          6.02754402
       2005.72326660          5.94589710
       2005.72607422          5.86166048
       2005.72875977          5.77496052
       2005.73156738          5.68590593
       2005.73425293          5.59460878
       2005.73693848          5.50118399
       2005.73974609          5.40574360
       2005.74243164          5.30840063
       2005.74523926          5.20926714
       2005.74792480          4.90039730
       2005.75073242          3.68539166
       2005.75341797          3.54285812
       2005.75610352          4.69754505
       2005.75891113          4.63014698
       2005.76159668          4.56289291
       2005.76440430          4.49581814
       2005.76708984          4.42894650
       2005.76989746          4.36230326
       2005.77258301          4.29591608
       2005.77539062          4.22980738
       2005.77807617          4.16400576
       2005.78076172          4.09853411
       2005.78356934          4.03341770
       2005.78625488          3.96868181
       2005.78906250          3.90434551
       2005.79174805          3.74551582
       2005.79455566          3.59557748
       2005.79724121          3.41379333
       2005.80004883          3.65152383
       2005.80273438          3.58956647
       2005.80541992          3.52814436
       2005.80822754          3.46728969
       2005.81091309          3.40702057
       2005.81372070          3.34736037
       2005.81640625          3.28832436
       2005.81921387          3.22993660
       2005.82189941          3.17221212
       2005.82470703          3.11517310
       2005.82739258          3.05883336
       2005.83007812          3.00321698
       2005.83288574          2.70411181
       2005.83557129          2.65781045
       2005.83837891          2.61203051
       2005.84106445          2.56678748
       2005.84387207          2.08672047
       2005.84655762          1.70998251
       2005.84936523          1.86357653
       2005.85205078          1.93568993
       2005.85473633          2.18072939
       2005.85754395          1.84430957
       2005.86022949          1.85727119
       2005.86303711          1.84785736
       2005.86572266          1.73910832
       2005.86853027          1.35438883
       2005.87121582          1.45570040
       2005.87402344          1.28317094
       2005.87670898          0.29265293
       2005.87939453          0.05325743
       2005.88220215          0.00000000
       2005.88488770          0.00000000
       2005.88769531          0.14681529
       2005.89038086          0.00000000
       2005.89318848          0.00000000
       2005.89587402          0.00000000
       2005.89868164          0.00000000
       2005.90136719          0.00000000
       2005.90405273          0.00000000
       2005.90686035          0.00000000
       2005.90954590          0.17257920
       2005.91235352          0.00000000
       2005.91503906          0.00000000
       2005.91784668          0.33093271
       2005.92053223          0.49366796
       2005.92333984          0.78494978
       2005.92602539          0.55331647
       2005.92871094          0.26422459
       2005.93151855          0.18947639
       2005.93420410          0.22476697
       2005.93701172          0.18880695
       2005.93969727          0.00000000
       2005.94250488          0.00000000
       2005.94519043          0.00000000
       2005.94799805          0.09207913
       2005.95068359          0.00000000
       2005.95336914          0.08746111
       2005.95617676          0.26145571
       2005.95886230          0.00000000
       2005.96166992          0.00000000
       2005.96435547          0.00000000
       2005.96716309          0.02823724
       2005.96984863          0.00000000
       2005.97265625          0.00000000
       2005.97534180          0.18907197
       2005.97802734          0.02062042
       2005.98083496          0.04559844
       2005.98352051          0.00000000
       2005.98632812          0.00000000
       2005.98901367          0.00000000
       2005.99182129          0.00000000
       2005.99450684          0.00000000
       2005.99731445          0.59242100
       2006.00000000          0.14617035
       2006.00268555          0.00000000
       2006.00549316          0.00000000
       2006.00817871          0.00000000
       2006.01098633          0.00000000
       2006.01367188          0.00000000
       2006.01647949          0.00000000
       2006.01916504          0.00000000
       2006.02197266          0.00000000
       2006.02465820          0.00000000
       2006.02734375          0.00000000
       2006.03015137          0.00000000
       2006.03283691          0.00000000
       2006.03564453          0.00000000
       2006.03833008          0.00000000
       2006.04113770          0.00000000
       2006.04382324          0.14414644
       2006.04663086          0.24373904
       2006.04931641          0.17059502
       2006.05200195          0.23212469
       2006.05480957          0.23379591
       2006.05749512          0.00000000
       2006.06030273          0.00000000
       2006.06298828          0.00000000
       2006.06579590          0.00000000
       2006.06848145          0.00000000
       2006.07128906          0.00000000
       2006.07397461          0.03330786
       2006.07666016          0.35361013
       2006.07946777          0.34897557
       2006.08215332          0.31743586
       2006.08496094          0.26874030
       2006.08764648          0.09211242
       2006.09045410          0.00000000
       2006.09313965          0.00000000
       2006.09594727          0.00000000
       2006.09863281          0.00000000
       2006.10131836          0.06413104
       2006.10412598          0.05973570
       2006.10681152          0.00000000
       2006.10961914          0.00000000
       2006.11230469          0.00000000
       2006.11511230          0.00000000
       2006.11779785          0.00000000
       2006.12060547          0.42145327
       2006.12329102          0.65546131
       2006.12597656          1.00284076
       2006.12878418          0.56241965
       2006.13146973          0.74916792
       2006.13427734          0.70814526
       2006.13696289          0.54259008
       2006.13977051          0.49269512
       2006.14245605          0.41147479
       2006.14526367          0.33564535
       2006.14794922          0.12970687
       2006.15063477          0.26539609
       2006.15344238          0.00000000
       2006.15612793          0.00000000
       2006.15893555          0.00000000
       2006.16162109          0.00000000
       2006.16442871          0.00000000
       2006.16711426          0.93889248
       2006.16992188          1.02912712
       2006.17260742          0.00000000
       2006.17529297          0.00000000
       2006.17810059          0.00000000
       2006.18078613          0.71447539
       2006.18359375          1.94054556
       2006.18627930          0.94811708
       2006.18908691          0.46000329
       2006.19177246          0.00000000
       2006.19458008          0.00000000
       2006.19726562          0.00000000
       2006.19995117          0.40193167
       2006.20275879          0.44266912
       2006.20544434          0.65069783
       2006.20825195          1.27573788
       2006.21093750          1.85552430
       2006.21374512          2.31206107
       2006.21643066          2.38497996
       2006.21923828          2.38125038
       2006.22192383          2.12161255
       2006.22460938          2.04829073
       2006.22741699          3.23089886
       2006.23010254          3.51660013
       2006.23291016          3.56408286
       2006.23559570          2.78161669
       2006.23840332          2.34808135
       2006.24108887          3.21000218
       2006.24389648          3.75814223
       2006.24658203          4.23445988
       2006.24926758          4.30783653
       2006.25207520          3.27599669
       2006.25476074          3.67250347
       2006.25756836          2.19852591
       2006.26025391          1.65148258
       2006.26306152          2.45325136
       2006.26574707          4.29282713
       2006.26843262          3.90803790
       2006.27124023          2.29858732
       2006.27392578          1.67922318
       2006.27673340          2.02399874
       2006.27941895          3.31991458
       2006.28222656          5.01257324
       2006.28491211          5.05425406
       2006.28771973          5.09296894
       2006.29040527          4.99609518
       2006.29309082          5.02471685
       2006.29589844          5.19055128
       2006.29858398          5.21667242
       2006.30139160          5.23947382
       2006.30407715          5.25889492
       2006.30688477          5.27487087
       2006.30957031          5.28734398
       2006.31237793          5.29626179
       2006.31506348          5.30155087
       2006.31774902          5.30316401
       2006.32055664          5.30104351
       2006.32324219          4.05958176
       2006.32604980          3.52563906
       2006.32873535          7.16863251
       2006.33154297          7.08796597
       2006.33422852          7.01477003
       2006.33703613          6.95095301
       2006.33972168          6.89670706
       2006.34240723          6.85223866
       2006.34521484          6.81775522
       2006.34790039          6.79341555
       2006.35070801          5.11058187
       2006.35339355          6.71894455
       2006.35620117          6.78310061
       2006.35888672          6.80111933
       2006.36169434          6.83013391
       2006.36437988          6.87027502
       2006.36706543          6.92171144
       2006.36987305          6.98454952
       2006.37255859          7.05894423
       2006.37536621          7.14499378
       2006.37805176          7.24281406
       2006.38085938          7.35252142
       2006.38354492          7.47421646
       2006.38635254          7.60797167
       2006.38903809          7.75387001
       2006.39172363          7.91200686
       2006.39453125          8.08243752
       2006.39721680          8.26522732
       2006.40002441          8.46040821
       2006.40270996          8.66804886
       2006.40551758          8.88816261
       2006.40820312          6.12871981
       2006.41101074          6.23068428
       2006.41369629          5.36344671
       2006.41638184          6.24558115
       2006.41918945          8.64166927
       2006.42187500          8.79314327
       2006.42468262          8.93916988
       2006.42736816          9.07966423
       2006.43017578          9.21455574
       2006.43286133          9.34378815
       2006.43566895          9.46729088
       2006.43835449          9.58499432
       2006.44104004          9.69685650
       2006.44384766          9.80281258
       2006.44653320          9.90282822
       2006.44934082          9.99682713
       2006.45202637         10.08480835
       2006.45483398         10.16669273
       2006.45751953         10.24246979
       2006.46032715         10.31209850
       2006.46301270         10.37555885
       2006.46569824         10.42058849
       2006.46850586         10.44008541
       2006.47119141         10.51840496
       2006.47399902         10.49803734
       2006.47668457         10.36308098
       2006.47949219         10.29378319
       2006.48217773         10.50449657
       2006.48498535         10.48356342
       2006.48767090         10.49065495
       2006.49035645         10.50482559
       2006.49316406         10.48497105
       2006.49584961          8.71100426
       2006.49865723          8.73366261
       2006.50134277          8.71501446
       2006.50415039          8.67029858
       2006.50683594          8.69460201
       2006.50964355          8.90541649
       2006.51232910          9.50648212
       2006.51501465          9.46827221
       2006.51782227          9.38104820
       2006.52050781          9.25382519
       2006.52331543          9.09830093
       2006.52600098          8.98115540
       2006.52880859          8.86580467
       2006.53149414          8.75614548
       2006.53430176          8.63142300
       2006.53698730          8.54213047
       2006.53967285          8.35640717
       2006.54248047          8.14648247
       2006.54516602          7.94455385
       2006.54797363          7.76101542
       2006.55065918          7.57668257
       2006.55346680          7.40020227
       2006.55615234          7.25465870
       2006.55895996          7.13814259
       2006.56164551          6.88283300
       2006.56433105          6.66567135
       2006.56713867          6.47183704
       2006.56982422          6.29100800
       2006.57263184          6.58971024
       2006.57531738          6.43154526
       2006.57812500          6.19741154
       2006.58081055          7.73952150
       2006.58361816          7.54590225
       2006.58630371          7.32800388
       2006.58898926          7.68565559
       2006.59179688          7.55171108
       2006.59448242          7.28740358
       2006.59729004          7.04359579
       2006.59997559          6.82006598
       2006.60278320          6.61657810
       2006.60546875          6.43286467
       2006.60827637          6.26868963
       2006.61096191          6.12375736
       2006.61364746          5.99780130
       2006.61645508          5.89052010
       2006.61914062          5.80162621
       2006.62194824          5.73080730
       2006.62463379          5.67775154
       2006.62744141          5.64213085
       2006.63012695          5.62360811
       2006.63293457          5.62184572
       2006.63562012          5.63649225
       2006.63830566          5.66720629
       2006.64111328          5.71361256
       2006.64379883          5.77534676
       2006.64660645          5.85202837
       2006.64929199          5.94328451
       2006.65209961          6.04872561
       2006.65478516          6.16796494
       2006.65759277          6.30060148
       2006.66027832          6.44622612
       2006.66296387          6.60443830
       2006.66577148          5.92333412
       2006.66845703          6.00879812
       2006.67126465          6.08299732
       2006.67395020          6.14616108
       2006.67675781          6.19848108
       2006.67944336          6.24018812
       2006.68225098          6.27150488
       2006.68493652          6.29265499
       2006.68762207          6.30386209
       2006.69042969          6.30536938
       2006.69311523          6.29739857
       2006.69592285          6.28019476
       2006.69860840          6.25399876
       2006.70141602          6.21905136
       2006.70410156          6.17558813
       2006.70690918          6.12387562
       2006.70959473          6.06414080
       2006.71228027          5.99664688
       2006.71508789          5.92164040
       2006.71777344          5.83937693
       2006.72058105          5.75010204
       2006.72326660          5.65407944
       2006.72607422          5.55155373
       2006.72875977          5.44278574
       2006.73156738          5.32803059
       2006.73425293          5.20754004
       2006.73693848          5.08156538
       2006.73974609          4.95037031
       2006.74243164          4.81419659
       2006.74523926          4.67329741
       2006.74792480          4.77439213
       2006.75073242          4.67207479
       2006.75341797          4.57320452
       2006.75610352          4.19704390
       2006.75891113          4.10274458
       2006.76159668          4.29658985
       2006.76440430          4.21082020
       2006.76708984          4.12816143
       2006.76989746          4.04852676
       2006.77258301          3.97186708
       2006.77539062          3.89809942
       2006.77807617          3.82716489
       2006.78076172          3.75898695
       2006.78356934          3.69350624
       2006.78625488          3.63065624
       2006.78906250          3.57036853
       2006.79174805          3.51257420
       2006.79455566          3.45721650
       2006.79724121          3.40422440
       2006.80004883          3.35354328
       2006.80273438          3.30510926
       2006.80541992          3.25885844
       2006.80822754          3.21473575
       2006.81091309          3.17268205
       2006.81372070          3.13263798
       2006.81640625          3.09455371
       2006.81921387          3.05837727
       2006.82189941          3.02405214
       2006.82470703          2.99152732
       2006.82739258          2.96075845
       2006.83007812          2.93169284
       2006.83288574          1.86062062
       2006.83557129          0.35524344
       2006.83837891          0.32032013
       2006.84106445          0.65993291
       2006.84387207          0.90164047
       2006.84655762          1.31163895
       2006.84936523          1.86602974
       2006.85205078          2.22011018
       2006.85473633          2.05797148
       2006.85754395          1.42590213
       2006.86022949          1.73229468
       2006.86303711          1.39261627
       2006.86572266          1.24210024
       2006.86853027          2.10502243
       2006.87121582          2.07474017
       2006.87402344          2.00086689
       2006.87670898          2.00711703
       2006.87939453          1.87537301
       2006.88220215          1.62391257
       2006.88488770          1.11321831
       2006.88769531          1.28636408
       2006.89038086          0.63864326
       2006.89318848          1.64842105
       2006.89587402          1.77934968
       2006.89868164          1.80332005
       2006.90136719          1.77960145
       2006.90405273          1.61757982
       2006.90686035          1.44018126
       2006.90954590          1.21567333
       2006.91235352          1.33430600
       2006.91503906          0.95409536
       2006.91784668          0.90152013
       2006.92053223          1.27967894
       2006.92333984          1.40679038
       2006.92602539          1.58329630
       2006.92871094          1.14201462
       2006.93151855          0.92122000
       2006.93420410          1.16953421
       2006.93701172          0.48010835
       2006.93969727          0.18902525
       2006.94250488          0.00000000
       2006.94519043          0.50528145
       2006.94799805          0.26363596
       2006.95068359          0.10791770
       2006.95336914          0.54682791
       2006.95617676          0.70378715
       2006.95886230          0.64094836
       2006.96166992          0.00000000
       2006.96435547          0.00000000
       2006.96716309          0.00000000
       2006.96984863          0.00000000
       2006.97265625          0.00000000
       2006.97534180          0.08754980
       2006.97802734          0.15101568
       2006.98083496          0.09493430
       2006.98352051          0.09146182
       2006.98632812          0.05226186
       2006.98901367          0.19150215
       2006.99182129          0.13907370
       2006.99450684          0.54856312
       2006.99731445          1.14226937
